2015-08-19 10:09:50,416 [Worker-2] ERROR o.e.m.c.i.p.r.ProjectRegistryManager - Failed to read Maven project: 1 problem was encountered while building the effective model
[FATAL] Non-readable POM E:\TrendInHemanth\TrendInAutomation\pom.xml: E:\TrendInHemanth\TrendInAutomation\pom.xml (The system cannot find the path specified) @ 
 for project  at E:\TrendInHemanth\TrendInAutomation\pom.xml
org.apache.maven.project.ProjectBuildingException: 1 problem was encountered while building the effective model
[FATAL] Non-readable POM E:\TrendInHemanth\TrendInAutomation\pom.xml: E:\TrendInHemanth\TrendInAutomation\pom.xml (The system cannot find the path specified) @ 
 for project  at E:\TrendInHemanth\TrendInAutomation\pom.xml
	at org.apache.maven.project.DefaultProjectBuilder.build(DefaultProjectBuilder.java:168) ~[maven-core-3.3.3.jar:3.3.3]
	at org.apache.maven.project.DefaultProjectBuilder.build(DefaultProjectBuilder.java:119) ~[maven-core-3.3.3.jar:3.3.3]
	at org.eclipse.m2e.core.internal.embedder.MavenImpl.readMavenProject(MavenImpl.java:636) ~[org.eclipse.m2e.core_1.6.1.20150625-2338.jar:na]
	at org.eclipse.m2e.core.internal.project.registry.ProjectRegistryManager$5.call(ProjectRegistryManager.java:815) ~[org.eclipse.m2e.core_1.6.1.20150625-2338.jar:na]
	at org.eclipse.m2e.core.internal.project.registry.ProjectRegistryManager$5.call(ProjectRegistryManager.java:1) ~[org.eclipse.m2e.core_1.6.1.20150625-2338.jar:na]
	at org.eclipse.m2e.core.internal.embedder.MavenExecutionContext.executeBare(MavenExecutionContext.java:176) ~[org.eclipse.m2e.core_1.6.1.20150625-2338.jar:na]
	at org.eclipse.m2e.core.internal.embedder.MavenExecutionContext.execute(MavenExecutionContext.java:151) ~[org.eclipse.m2e.core_1.6.1.20150625-2338.jar:na]
	at org.eclipse.m2e.core.internal.embedder.MavenExecutionContext.execute(MavenExecutionContext.java:99) ~[org.eclipse.m2e.core_1.6.1.20150625-2338.jar:na]
	at org.eclipse.m2e.core.internal.project.registry.ProjectRegistryManager.execute(ProjectRegistryManager.java:956) ~[org.eclipse.m2e.core_1.6.1.20150625-2338.jar:na]
	at org.eclipse.m2e.core.internal.project.registry.ProjectRegistryManager.readProjectWithDependencies(ProjectRegistryManager.java:811) ~[org.eclipse.m2e.core_1.6.1.20150625-2338.jar:na]
	at org.eclipse.m2e.core.internal.project.registry.ProjectRegistryManager.create(ProjectRegistryManager.java:191) ~[org.eclipse.m2e.core_1.6.1.20150625-2338.jar:na]
	at org.eclipse.m2e.core.internal.project.registry.MavenProjectManager.create(MavenProjectManager.java:80) [org.eclipse.m2e.core_1.6.1.20150625-2338.jar:na]
	at org.eclipse.m2e.core.ui.internal.actions.SelectionUtil.getMavenProject(SelectionUtil.java:259) [org.eclipse.m2e.core.ui_1.6.1.20150625-2338.jar:na]
	at org.eclipse.m2e.editor.pom.MavenPomEditor.readMavenProject(MavenPomEditor.java:729) [org.eclipse.m2e.editor_1.6.1.20150625-2338.jar:na]
	at org.eclipse.m2e.editor.pom.MavenPomEditor$5.run(MavenPomEditor.java:1050) [org.eclipse.m2e.editor_1.6.1.20150625-2338.jar:na]
	at org.eclipse.core.internal.jobs.Worker.run(Worker.java:54) [org.eclipse.core.jobs_3.6.0.v20140424-0053.jar:na]
Caused by: org.apache.maven.model.building.ModelBuildingException: 1 problem was encountered while building the effective model
[FATAL] Non-readable POM E:\TrendInHemanth\TrendInAutomation\pom.xml: E:\TrendInHemanth\TrendInAutomation\pom.xml (The system cannot find the path specified) @ 

	at org.apache.maven.model.building.DefaultModelProblemCollector.newModelBuildingException(DefaultModelProblemCollector.java:197) ~[maven-model-builder-3.3.3.jar:3.3.3]
	at org.apache.maven.model.building.DefaultModelBuilder.readModel(DefaultModelBuilder.java:594) ~[maven-model-builder-3.3.3.jar:3.3.3]
	at org.apache.maven.model.building.DefaultModelBuilder.build(DefaultModelBuilder.java:269) ~[maven-model-builder-3.3.3.jar:3.3.3]
	at org.apache.maven.project.DefaultProjectBuilder.build(DefaultProjectBuilder.java:161) ~[maven-core-3.3.3.jar:3.3.3]
	... 15 common frames omitted
2015-08-19 10:10:23,942 [main] ERROR o.e.m.editor.pom.MavenPomEditorPage - Resource '/TrendInAutomation/pom.xml' does not exist.
org.eclipse.core.internal.resources.ResourceException: Resource '/TrendInAutomation/pom.xml' does not exist.
	at org.eclipse.core.internal.resources.Resource.checkExists(Resource.java:341) ~[org.eclipse.core.resources_3.9.0.v20140514-1307.jar:na]
	at org.eclipse.core.internal.resources.Resource.checkAccessible(Resource.java:215) ~[org.eclipse.core.resources_3.9.0.v20140514-1307.jar:na]
	at org.eclipse.core.internal.resources.Resource.findMarkers(Resource.java:1039) ~[org.eclipse.core.resources_3.9.0.v20140514-1307.jar:na]
	at org.eclipse.m2e.editor.pom.MavenPomEditorPage.doLoadData(MavenPomEditorPage.java:274) [org.eclipse.m2e.editor_1.6.1.20150625-2338.jar:na]
	at org.eclipse.m2e.editor.pom.MavenPomEditorPage.setActive(MavenPomEditorPage.java:226) [org.eclipse.m2e.editor_1.6.1.20150625-2338.jar:na]
	at org.eclipse.ui.forms.editor.FormEditor.pageChange(FormEditor.java:486) [org.eclipse.ui.forms_3.6.100.v20140422-1825.jar:na]
	at org.eclipse.m2e.editor.pom.MavenPomEditor.pageChange(MavenPomEditor.java:376) [org.eclipse.m2e.editor_1.6.1.20150625-2338.jar:na]
	at org.eclipse.ui.part.MultiPageEditorPart.setActivePage(MultiPageEditorPart.java:1101) [org.eclipse.ui.workbench_3.106.0.v20140530-0732.jar:na]
	at org.eclipse.ui.forms.editor.FormEditor.setActivePage(FormEditor.java:603) [org.eclipse.ui.forms_3.6.100.v20140422-1825.jar:na]
	at org.eclipse.ui.part.MultiPageEditorPart.createPartControl(MultiPageEditorPart.java:366) [org.eclipse.ui.workbench_3.106.0.v20140530-0732.jar:na]
	at org.eclipse.ui.internal.e4.compatibility.CompatibilityPart.createPartControl(CompatibilityPart.java:140) [org.eclipse.ui.workbench_3.106.0.v20140530-0732.jar:na]
	at org.eclipse.ui.internal.e4.compatibility.CompatibilityEditor.createPartControl(CompatibilityEditor.java:99) [org.eclipse.ui.workbench_3.106.0.v20140530-0732.jar:na]
	at org.eclipse.ui.internal.e4.compatibility.CompatibilityPart.create(CompatibilityPart.java:321) [org.eclipse.ui.workbench_3.106.0.v20140530-0732.jar:na]
	at sun.reflect.NativeMethodAccessorImpl.invoke0(Native Method) ~[na:1.7.0_67]
	at sun.reflect.NativeMethodAccessorImpl.invoke(Unknown Source) ~[na:1.7.0_67]
	at sun.reflect.DelegatingMethodAccessorImpl.invoke(Unknown Source) ~[na:1.7.0_67]
	at java.lang.reflect.Method.invoke(Unknown Source) ~[na:1.7.0_67]
	at org.eclipse.e4.core.internal.di.MethodRequestor.execute(MethodRequestor.java:55) [org.eclipse.e4.core.di_1.4.0.v20140414-1837.jar:na]
	at org.eclipse.e4.core.internal.di.InjectorImpl.processAnnotated(InjectorImpl.java:888) [org.eclipse.e4.core.di_1.4.0.v20140414-1837.jar:na]
	at org.eclipse.e4.core.internal.di.InjectorImpl.processAnnotated(InjectorImpl.java:869) [org.eclipse.e4.core.di_1.4.0.v20140414-1837.jar:na]
	at org.eclipse.e4.core.internal.di.InjectorImpl.inject(InjectorImpl.java:120) [org.eclipse.e4.core.di_1.4.0.v20140414-1837.jar:na]
	at org.eclipse.e4.core.internal.di.InjectorImpl.internalMake(InjectorImpl.java:337) [org.eclipse.e4.core.di_1.4.0.v20140414-1837.jar:na]
	at org.eclipse.e4.core.internal.di.InjectorImpl.make(InjectorImpl.java:258) [org.eclipse.e4.core.di_1.4.0.v20140414-1837.jar:na]
	at org.eclipse.e4.core.contexts.ContextInjectionFactory.make(ContextInjectionFactory.java:162) [org.eclipse.e4.core.contexts_1.3.100.v20140407-1019.jar:na]
	at org.eclipse.e4.ui.internal.workbench.ReflectionContributionFactory.createFromBundle(ReflectionContributionFactory.java:104) [org.eclipse.e4.ui.workbench_1.1.0.v20140528-1949.jar:na]
	at org.eclipse.e4.ui.internal.workbench.ReflectionContributionFactory.doCreate(ReflectionContributionFactory.java:73) [org.eclipse.e4.ui.workbench_1.1.0.v20140528-1949.jar:na]
	at org.eclipse.e4.ui.internal.workbench.ReflectionContributionFactory.create(ReflectionContributionFactory.java:55) [org.eclipse.e4.ui.workbench_1.1.0.v20140528-1949.jar:na]
	at org.eclipse.e4.ui.workbench.renderers.swt.ContributedPartRenderer.createWidget(ContributedPartRenderer.java:127) [org.eclipse.e4.ui.workbench.renderers.swt_0.12.0.v20140521-1818.jar:na]
	at org.eclipse.e4.ui.internal.workbench.swt.PartRenderingEngine.createWidget(PartRenderingEngine.java:983) [org.eclipse.e4.ui.workbench.swt_0.12.100.v20140530-1436.jar:na]
	at org.eclipse.e4.ui.internal.workbench.swt.PartRenderingEngine.safeCreateGui(PartRenderingEngine.java:662) [org.eclipse.e4.ui.workbench.swt_0.12.100.v20140530-1436.jar:na]
	at org.eclipse.e4.ui.internal.workbench.swt.PartRenderingEngine.safeCreateGui(PartRenderingEngine.java:766) [org.eclipse.e4.ui.workbench.swt_0.12.100.v20140530-1436.jar:na]
	at org.eclipse.e4.ui.internal.workbench.swt.PartRenderingEngine.access$2(PartRenderingEngine.java:737) [org.eclipse.e4.ui.workbench.swt_0.12.100.v20140530-1436.jar:na]
	at org.eclipse.e4.ui.internal.workbench.swt.PartRenderingEngine$7.run(PartRenderingEngine.java:731) [org.eclipse.e4.ui.workbench.swt_0.12.100.v20140530-1436.jar:na]
	at org.eclipse.core.runtime.SafeRunner.run(SafeRunner.java:42) [org.eclipse.equinox.common_3.6.200.v20130402-1505.jar:na]
	at org.eclipse.e4.ui.internal.workbench.swt.PartRenderingEngine.createGui(PartRenderingEngine.java:715) [org.eclipse.e4.ui.workbench.swt_0.12.100.v20140530-1436.jar:na]
	at org.eclipse.e4.ui.workbench.renderers.swt.StackRenderer.showTab(StackRenderer.java:1251) [org.eclipse.e4.ui.workbench.renderers.swt_0.12.0.v20140521-1818.jar:na]
	at org.eclipse.e4.ui.workbench.renderers.swt.LazyStackRenderer$1.handleEvent(LazyStackRenderer.java:66) [org.eclipse.e4.ui.workbench.renderers.swt_0.12.0.v20140521-1818.jar:na]
	at org.eclipse.e4.ui.services.internal.events.UIEventHandler$1.run(UIEventHandler.java:40) [org.eclipse.e4.ui.services_1.1.0.v20140328-1925.jar:na]
	at org.eclipse.swt.widgets.Synchronizer.syncExec(Synchronizer.java:187) [org.eclipse.swt.win32.win32.x86_64_3.103.0.v20140605-2012.jar:na]
	at org.eclipse.ui.internal.UISynchronizer.syncExec(UISynchronizer.java:156) [org.eclipse.ui.workbench_3.106.0.v20140530-0732.jar:na]
	at org.eclipse.swt.widgets.Display.syncExec(Display.java:4734) [org.eclipse.swt.win32.win32.x86_64_3.103.0.v20140605-2012.jar:na]
	at org.eclipse.e4.ui.internal.workbench.swt.E4Application$1.syncExec(E4Application.java:218) [org.eclipse.e4.ui.workbench.swt_0.12.100.v20140530-1436.jar:na]
	at org.eclipse.e4.ui.services.internal.events.UIEventHandler.handleEvent(UIEventHandler.java:36) [org.eclipse.e4.ui.services_1.1.0.v20140328-1925.jar:na]
	at org.eclipse.equinox.internal.event.EventHandlerWrapper.handleEvent(EventHandlerWrapper.java:197) [org.eclipse.equinox.event_1.3.100.v20140115-1647.jar:na]
	at org.eclipse.equinox.internal.event.EventHandlerTracker.dispatchEvent(EventHandlerTracker.java:197) [org.eclipse.equinox.event_1.3.100.v20140115-1647.jar:na]
	at org.eclipse.equinox.internal.event.EventHandlerTracker.dispatchEvent(EventHandlerTracker.java:1) [org.eclipse.equinox.event_1.3.100.v20140115-1647.jar:na]
	at org.eclipse.osgi.framework.eventmgr.EventManager.dispatchEvent(EventManager.java:230) [org.eclipse.osgi_3.10.0.v20140606-1445.jar:na]
	at org.eclipse.osgi.framework.eventmgr.ListenerQueue.dispatchEventSynchronous(ListenerQueue.java:148) [org.eclipse.osgi_3.10.0.v20140606-1445.jar:na]
	at org.eclipse.equinox.internal.event.EventAdminImpl.dispatchEvent(EventAdminImpl.java:135) [org.eclipse.equinox.event_1.3.100.v20140115-1647.jar:na]
	at org.eclipse.equinox.internal.event.EventAdminImpl.sendEvent(EventAdminImpl.java:78) [org.eclipse.equinox.event_1.3.100.v20140115-1647.jar:na]
	at org.eclipse.equinox.internal.event.EventComponent.sendEvent(EventComponent.java:39) [org.eclipse.equinox.event_1.3.100.v20140115-1647.jar:na]
	at org.eclipse.e4.ui.services.internal.events.EventBroker.send(EventBroker.java:81) [org.eclipse.e4.ui.services_1.1.0.v20140328-1925.jar:na]
	at org.eclipse.e4.ui.internal.workbench.UIEventPublisher.notifyChanged(UIEventPublisher.java:59) [org.eclipse.e4.ui.workbench_1.1.0.v20140528-1949.jar:na]
	at org.eclipse.emf.common.notify.impl.BasicNotifierImpl.eNotify(BasicNotifierImpl.java:374) [org.eclipse.emf.common_2.10.1.v20150123-0348.jar:na]
	at org.eclipse.e4.ui.model.application.ui.impl.ElementContainerImpl.setSelectedElement(ElementContainerImpl.java:171) [org.eclipse.e4.ui.model.workbench_1.1.0.v20140512-1820.jar:na]
	at org.eclipse.e4.ui.internal.workbench.PartServiceImpl.hidePart(PartServiceImpl.java:1243) [org.eclipse.e4.ui.workbench_1.1.0.v20140528-1949.jar:na]
	at org.eclipse.e4.ui.internal.workbench.PartServiceImpl.hidePart(PartServiceImpl.java:1196) [org.eclipse.e4.ui.workbench_1.1.0.v20140528-1949.jar:na]
	at org.eclipse.e4.ui.workbench.renderers.swt.StackRenderer.closePart(StackRenderer.java:1223) [org.eclipse.e4.ui.workbench.renderers.swt_0.12.0.v20140521-1818.jar:na]
	at org.eclipse.e4.ui.workbench.renderers.swt.StackRenderer.access$3(StackRenderer.java:1205) [org.eclipse.e4.ui.workbench.renderers.swt_0.12.0.v20140521-1818.jar:na]
	at org.eclipse.e4.ui.workbench.renderers.swt.StackRenderer$12.close(StackRenderer.java:1096) [org.eclipse.e4.ui.workbench.renderers.swt_0.12.0.v20140521-1818.jar:na]
	at org.eclipse.swt.custom.CTabFolder.onMouse(CTabFolder.java:1874) [org.eclipse.swt.win32.win32.x86_64_3.103.0.v20140605-2012.jar:na]
	at org.eclipse.swt.custom.CTabFolder$1.handleEvent(CTabFolder.java:288) [org.eclipse.swt.win32.win32.x86_64_3.103.0.v20140605-2012.jar:na]
	at org.eclipse.swt.widgets.EventTable.sendEvent(EventTable.java:84) [org.eclipse.swt.win32.win32.x86_64_3.103.0.v20140605-2012.jar:na]
	at org.eclipse.swt.widgets.Display.sendEvent(Display.java:4353) [org.eclipse.swt.win32.win32.x86_64_3.103.0.v20140605-2012.jar:na]
	at org.eclipse.swt.widgets.Widget.sendEvent(Widget.java:1061) [org.eclipse.swt.win32.win32.x86_64_3.103.0.v20140605-2012.jar:na]
	at org.eclipse.swt.widgets.Display.runDeferredEvents(Display.java:4172) [org.eclipse.swt.win32.win32.x86_64_3.103.0.v20140605-2012.jar:na]
	at org.eclipse.swt.widgets.Display.readAndDispatch(Display.java:3761) [org.eclipse.swt.win32.win32.x86_64_3.103.0.v20140605-2012.jar:na]
	at org.eclipse.e4.ui.internal.workbench.swt.PartRenderingEngine$9.run(PartRenderingEngine.java:1151) [org.eclipse.e4.ui.workbench.swt_0.12.100.v20140530-1436.jar:na]
	at org.eclipse.core.databinding.observable.Realm.runWithDefault(Realm.java:332) [org.eclipse.core.databinding.observable_1.4.1.v20140210-1835.jar:na]
	at org.eclipse.e4.ui.internal.workbench.swt.PartRenderingEngine.run(PartRenderingEngine.java:1032) [org.eclipse.e4.ui.workbench.swt_0.12.100.v20140530-1436.jar:na]
	at org.eclipse.e4.ui.internal.workbench.E4Workbench.createAndRunUI(E4Workbench.java:148) [org.eclipse.e4.ui.workbench_1.1.0.v20140528-1949.jar:na]
	at org.eclipse.ui.internal.Workbench$5.run(Workbench.java:636) [org.eclipse.ui.workbench_3.106.0.v20140530-0732.jar:na]
	at org.eclipse.core.databinding.observable.Realm.runWithDefault(Realm.java:332) [org.eclipse.core.databinding.observable_1.4.1.v20140210-1835.jar:na]
	at org.eclipse.ui.internal.Workbench.createAndRunWorkbench(Workbench.java:579) [org.eclipse.ui.workbench_3.106.0.v20140530-0732.jar:na]
	at org.eclipse.ui.PlatformUI.createAndRunWorkbench(PlatformUI.java:150) [org.eclipse.ui.workbench_3.106.0.v20140530-0732.jar:na]
	at org.eclipse.ui.internal.ide.application.IDEApplication.start(IDEApplication.java:135) [org.eclipse.ui.ide.application_1.0.500.v20140514-2033.jar:na]
	at org.eclipse.equinox.internal.app.EclipseAppHandle.run(EclipseAppHandle.java:196) [org.eclipse.equinox.app_1.3.200.v20130910-1609.jar:na]
	at org.eclipse.core.runtime.internal.adaptor.EclipseAppLauncher.runApplication(EclipseAppLauncher.java:134) [org.eclipse.osgi_3.10.0.v20140606-1445.jar:na]
	at org.eclipse.core.runtime.internal.adaptor.EclipseAppLauncher.start(EclipseAppLauncher.java:104) [org.eclipse.osgi_3.10.0.v20140606-1445.jar:na]
	at org.eclipse.core.runtime.adaptor.EclipseStarter.run(EclipseStarter.java:382) [org.eclipse.osgi_3.10.0.v20140606-1445.jar:na]
	at org.eclipse.core.runtime.adaptor.EclipseStarter.run(EclipseStarter.java:236) [org.eclipse.osgi_3.10.0.v20140606-1445.jar:na]
	at sun.reflect.NativeMethodAccessorImpl.invoke0(Native Method) ~[na:1.7.0_67]
	at sun.reflect.NativeMethodAccessorImpl.invoke(Unknown Source) ~[na:1.7.0_67]
	at sun.reflect.DelegatingMethodAccessorImpl.invoke(Unknown Source) ~[na:1.7.0_67]
	at java.lang.reflect.Method.invoke(Unknown Source) ~[na:1.7.0_67]
	at org.eclipse.equinox.launcher.Main.invokeFramework(Main.java:648) [org.eclipse.equinox.launcher_1.3.0.v20140415-2008.jar:na]
	at org.eclipse.equinox.launcher.Main.basicRun(Main.java:603) [org.eclipse.equinox.launcher_1.3.0.v20140415-2008.jar:na]
	at org.eclipse.equinox.launcher.Main.run(Main.java:1465) [org.eclipse.equinox.launcher_1.3.0.v20140415-2008.jar:na]
	at org.eclipse.equinox.launcher.Main.main(Main.java:1438) [org.eclipse.equinox.launcher_1.3.0.v20140415-2008.jar:na]
2015-08-19 10:10:24,058 [main] ERROR o.e.m.editor.pom.MavenPomEditorPage - Resource '/TrendInAutomation/pom.xml' does not exist.
org.eclipse.core.internal.resources.ResourceException: Resource '/TrendInAutomation/pom.xml' does not exist.
	at org.eclipse.core.internal.resources.Resource.checkExists(Resource.java:341) ~[org.eclipse.core.resources_3.9.0.v20140514-1307.jar:na]
	at org.eclipse.core.internal.resources.Resource.checkAccessible(Resource.java:215) ~[org.eclipse.core.resources_3.9.0.v20140514-1307.jar:na]
	at org.eclipse.core.internal.resources.Resource.findMarkers(Resource.java:1039) ~[org.eclipse.core.resources_3.9.0.v20140514-1307.jar:na]
	at org.eclipse.m2e.editor.pom.MavenPomEditorPage.doLoadData(MavenPomEditorPage.java:274) [org.eclipse.m2e.editor_1.6.1.20150625-2338.jar:na]
	at org.eclipse.m2e.editor.pom.MavenPomEditorPage.setActive(MavenPomEditorPage.java:226) [org.eclipse.m2e.editor_1.6.1.20150625-2338.jar:na]
	at org.eclipse.ui.forms.editor.FormEditor.setActivePage(FormEditor.java:605) [org.eclipse.ui.forms_3.6.100.v20140422-1825.jar:na]
	at org.eclipse.ui.part.MultiPageEditorPart.createPartControl(MultiPageEditorPart.java:366) [org.eclipse.ui.workbench_3.106.0.v20140530-0732.jar:na]
	at org.eclipse.ui.internal.e4.compatibility.CompatibilityPart.createPartControl(CompatibilityPart.java:140) [org.eclipse.ui.workbench_3.106.0.v20140530-0732.jar:na]
	at org.eclipse.ui.internal.e4.compatibility.CompatibilityEditor.createPartControl(CompatibilityEditor.java:99) [org.eclipse.ui.workbench_3.106.0.v20140530-0732.jar:na]
	at org.eclipse.ui.internal.e4.compatibility.CompatibilityPart.create(CompatibilityPart.java:321) [org.eclipse.ui.workbench_3.106.0.v20140530-0732.jar:na]
	at sun.reflect.NativeMethodAccessorImpl.invoke0(Native Method) ~[na:1.7.0_67]
	at sun.reflect.NativeMethodAccessorImpl.invoke(Unknown Source) ~[na:1.7.0_67]
	at sun.reflect.DelegatingMethodAccessorImpl.invoke(Unknown Source) ~[na:1.7.0_67]
	at java.lang.reflect.Method.invoke(Unknown Source) ~[na:1.7.0_67]
	at org.eclipse.e4.core.internal.di.MethodRequestor.execute(MethodRequestor.java:55) [org.eclipse.e4.core.di_1.4.0.v20140414-1837.jar:na]
	at org.eclipse.e4.core.internal.di.InjectorImpl.processAnnotated(InjectorImpl.java:888) [org.eclipse.e4.core.di_1.4.0.v20140414-1837.jar:na]
	at org.eclipse.e4.core.internal.di.InjectorImpl.processAnnotated(InjectorImpl.java:869) [org.eclipse.e4.core.di_1.4.0.v20140414-1837.jar:na]
	at org.eclipse.e4.core.internal.di.InjectorImpl.inject(InjectorImpl.java:120) [org.eclipse.e4.core.di_1.4.0.v20140414-1837.jar:na]
	at org.eclipse.e4.core.internal.di.InjectorImpl.internalMake(InjectorImpl.java:337) [org.eclipse.e4.core.di_1.4.0.v20140414-1837.jar:na]
	at org.eclipse.e4.core.internal.di.InjectorImpl.make(InjectorImpl.java:258) [org.eclipse.e4.core.di_1.4.0.v20140414-1837.jar:na]
	at org.eclipse.e4.core.contexts.ContextInjectionFactory.make(ContextInjectionFactory.java:162) [org.eclipse.e4.core.contexts_1.3.100.v20140407-1019.jar:na]
	at org.eclipse.e4.ui.internal.workbench.ReflectionContributionFactory.createFromBundle(ReflectionContributionFactory.java:104) [org.eclipse.e4.ui.workbench_1.1.0.v20140528-1949.jar:na]
	at org.eclipse.e4.ui.internal.workbench.ReflectionContributionFactory.doCreate(ReflectionContributionFactory.java:73) [org.eclipse.e4.ui.workbench_1.1.0.v20140528-1949.jar:na]
	at org.eclipse.e4.ui.internal.workbench.ReflectionContributionFactory.create(ReflectionContributionFactory.java:55) [org.eclipse.e4.ui.workbench_1.1.0.v20140528-1949.jar:na]
	at org.eclipse.e4.ui.workbench.renderers.swt.ContributedPartRenderer.createWidget(ContributedPartRenderer.java:127) [org.eclipse.e4.ui.workbench.renderers.swt_0.12.0.v20140521-1818.jar:na]
	at org.eclipse.e4.ui.internal.workbench.swt.PartRenderingEngine.createWidget(PartRenderingEngine.java:983) [org.eclipse.e4.ui.workbench.swt_0.12.100.v20140530-1436.jar:na]
	at org.eclipse.e4.ui.internal.workbench.swt.PartRenderingEngine.safeCreateGui(PartRenderingEngine.java:662) [org.eclipse.e4.ui.workbench.swt_0.12.100.v20140530-1436.jar:na]
	at org.eclipse.e4.ui.internal.workbench.swt.PartRenderingEngine.safeCreateGui(PartRenderingEngine.java:766) [org.eclipse.e4.ui.workbench.swt_0.12.100.v20140530-1436.jar:na]
	at org.eclipse.e4.ui.internal.workbench.swt.PartRenderingEngine.access$2(PartRenderingEngine.java:737) [org.eclipse.e4.ui.workbench.swt_0.12.100.v20140530-1436.jar:na]
	at org.eclipse.e4.ui.internal.workbench.swt.PartRenderingEngine$7.run(PartRenderingEngine.java:731) [org.eclipse.e4.ui.workbench.swt_0.12.100.v20140530-1436.jar:na]
	at org.eclipse.core.runtime.SafeRunner.run(SafeRunner.java:42) [org.eclipse.equinox.common_3.6.200.v20130402-1505.jar:na]
	at org.eclipse.e4.ui.internal.workbench.swt.PartRenderingEngine.createGui(PartRenderingEngine.java:715) [org.eclipse.e4.ui.workbench.swt_0.12.100.v20140530-1436.jar:na]
	at org.eclipse.e4.ui.workbench.renderers.swt.StackRenderer.showTab(StackRenderer.java:1251) [org.eclipse.e4.ui.workbench.renderers.swt_0.12.0.v20140521-1818.jar:na]
	at org.eclipse.e4.ui.workbench.renderers.swt.LazyStackRenderer$1.handleEvent(LazyStackRenderer.java:66) [org.eclipse.e4.ui.workbench.renderers.swt_0.12.0.v20140521-1818.jar:na]
	at org.eclipse.e4.ui.services.internal.events.UIEventHandler$1.run(UIEventHandler.java:40) [org.eclipse.e4.ui.services_1.1.0.v20140328-1925.jar:na]
	at org.eclipse.swt.widgets.Synchronizer.syncExec(Synchronizer.java:187) [org.eclipse.swt.win32.win32.x86_64_3.103.0.v20140605-2012.jar:na]
	at org.eclipse.ui.internal.UISynchronizer.syncExec(UISynchronizer.java:156) [org.eclipse.ui.workbench_3.106.0.v20140530-0732.jar:na]
	at org.eclipse.swt.widgets.Display.syncExec(Display.java:4734) [org.eclipse.swt.win32.win32.x86_64_3.103.0.v20140605-2012.jar:na]
	at org.eclipse.e4.ui.internal.workbench.swt.E4Application$1.syncExec(E4Application.java:218) [org.eclipse.e4.ui.workbench.swt_0.12.100.v20140530-1436.jar:na]
	at org.eclipse.e4.ui.services.internal.events.UIEventHandler.handleEvent(UIEventHandler.java:36) [org.eclipse.e4.ui.services_1.1.0.v20140328-1925.jar:na]
	at org.eclipse.equinox.internal.event.EventHandlerWrapper.handleEvent(EventHandlerWrapper.java:197) [org.eclipse.equinox.event_1.3.100.v20140115-1647.jar:na]
	at org.eclipse.equinox.internal.event.EventHandlerTracker.dispatchEvent(EventHandlerTracker.java:197) [org.eclipse.equinox.event_1.3.100.v20140115-1647.jar:na]
	at org.eclipse.equinox.internal.event.EventHandlerTracker.dispatchEvent(EventHandlerTracker.java:1) [org.eclipse.equinox.event_1.3.100.v20140115-1647.jar:na]
	at org.eclipse.osgi.framework.eventmgr.EventManager.dispatchEvent(EventManager.java:230) [org.eclipse.osgi_3.10.0.v20140606-1445.jar:na]
	at org.eclipse.osgi.framework.eventmgr.ListenerQueue.dispatchEventSynchronous(ListenerQueue.java:148) [org.eclipse.osgi_3.10.0.v20140606-1445.jar:na]
	at org.eclipse.equinox.internal.event.EventAdminImpl.dispatchEvent(EventAdminImpl.java:135) [org.eclipse.equinox.event_1.3.100.v20140115-1647.jar:na]
	at org.eclipse.equinox.internal.event.EventAdminImpl.sendEvent(EventAdminImpl.java:78) [org.eclipse.equinox.event_1.3.100.v20140115-1647.jar:na]
	at org.eclipse.equinox.internal.event.EventComponent.sendEvent(EventComponent.java:39) [org.eclipse.equinox.event_1.3.100.v20140115-1647.jar:na]
	at org.eclipse.e4.ui.services.internal.events.EventBroker.send(EventBroker.java:81) [org.eclipse.e4.ui.services_1.1.0.v20140328-1925.jar:na]
	at org.eclipse.e4.ui.internal.workbench.UIEventPublisher.notifyChanged(UIEventPublisher.java:59) [org.eclipse.e4.ui.workbench_1.1.0.v20140528-1949.jar:na]
	at org.eclipse.emf.common.notify.impl.BasicNotifierImpl.eNotify(BasicNotifierImpl.java:374) [org.eclipse.emf.common_2.10.1.v20150123-0348.jar:na]
	at org.eclipse.e4.ui.model.application.ui.impl.ElementContainerImpl.setSelectedElement(ElementContainerImpl.java:171) [org.eclipse.e4.ui.model.workbench_1.1.0.v20140512-1820.jar:na]
	at org.eclipse.e4.ui.internal.workbench.PartServiceImpl.hidePart(PartServiceImpl.java:1243) [org.eclipse.e4.ui.workbench_1.1.0.v20140528-1949.jar:na]
	at org.eclipse.e4.ui.internal.workbench.PartServiceImpl.hidePart(PartServiceImpl.java:1196) [org.eclipse.e4.ui.workbench_1.1.0.v20140528-1949.jar:na]
	at org.eclipse.e4.ui.workbench.renderers.swt.StackRenderer.closePart(StackRenderer.java:1223) [org.eclipse.e4.ui.workbench.renderers.swt_0.12.0.v20140521-1818.jar:na]
	at org.eclipse.e4.ui.workbench.renderers.swt.StackRenderer.access$3(StackRenderer.java:1205) [org.eclipse.e4.ui.workbench.renderers.swt_0.12.0.v20140521-1818.jar:na]
	at org.eclipse.e4.ui.workbench.renderers.swt.StackRenderer$12.close(StackRenderer.java:1096) [org.eclipse.e4.ui.workbench.renderers.swt_0.12.0.v20140521-1818.jar:na]
	at org.eclipse.swt.custom.CTabFolder.onMouse(CTabFolder.java:1874) [org.eclipse.swt.win32.win32.x86_64_3.103.0.v20140605-2012.jar:na]
	at org.eclipse.swt.custom.CTabFolder$1.handleEvent(CTabFolder.java:288) [org.eclipse.swt.win32.win32.x86_64_3.103.0.v20140605-2012.jar:na]
	at org.eclipse.swt.widgets.EventTable.sendEvent(EventTable.java:84) [org.eclipse.swt.win32.win32.x86_64_3.103.0.v20140605-2012.jar:na]
	at org.eclipse.swt.widgets.Display.sendEvent(Display.java:4353) [org.eclipse.swt.win32.win32.x86_64_3.103.0.v20140605-2012.jar:na]
	at org.eclipse.swt.widgets.Widget.sendEvent(Widget.java:1061) [org.eclipse.swt.win32.win32.x86_64_3.103.0.v20140605-2012.jar:na]
	at org.eclipse.swt.widgets.Display.runDeferredEvents(Display.java:4172) [org.eclipse.swt.win32.win32.x86_64_3.103.0.v20140605-2012.jar:na]
	at org.eclipse.swt.widgets.Display.readAndDispatch(Display.java:3761) [org.eclipse.swt.win32.win32.x86_64_3.103.0.v20140605-2012.jar:na]
	at org.eclipse.e4.ui.internal.workbench.swt.PartRenderingEngine$9.run(PartRenderingEngine.java:1151) [org.eclipse.e4.ui.workbench.swt_0.12.100.v20140530-1436.jar:na]
	at org.eclipse.core.databinding.observable.Realm.runWithDefault(Realm.java:332) [org.eclipse.core.databinding.observable_1.4.1.v20140210-1835.jar:na]
	at org.eclipse.e4.ui.internal.workbench.swt.PartRenderingEngine.run(PartRenderingEngine.java:1032) [org.eclipse.e4.ui.workbench.swt_0.12.100.v20140530-1436.jar:na]
	at org.eclipse.e4.ui.internal.workbench.E4Workbench.createAndRunUI(E4Workbench.java:148) [org.eclipse.e4.ui.workbench_1.1.0.v20140528-1949.jar:na]
	at org.eclipse.ui.internal.Workbench$5.run(Workbench.java:636) [org.eclipse.ui.workbench_3.106.0.v20140530-0732.jar:na]
	at org.eclipse.core.databinding.observable.Realm.runWithDefault(Realm.java:332) [org.eclipse.core.databinding.observable_1.4.1.v20140210-1835.jar:na]
	at org.eclipse.ui.internal.Workbench.createAndRunWorkbench(Workbench.java:579) [org.eclipse.ui.workbench_3.106.0.v20140530-0732.jar:na]
	at org.eclipse.ui.PlatformUI.createAndRunWorkbench(PlatformUI.java:150) [org.eclipse.ui.workbench_3.106.0.v20140530-0732.jar:na]
	at org.eclipse.ui.internal.ide.application.IDEApplication.start(IDEApplication.java:135) [org.eclipse.ui.ide.application_1.0.500.v20140514-2033.jar:na]
	at org.eclipse.equinox.internal.app.EclipseAppHandle.run(EclipseAppHandle.java:196) [org.eclipse.equinox.app_1.3.200.v20130910-1609.jar:na]
	at org.eclipse.core.runtime.internal.adaptor.EclipseAppLauncher.runApplication(EclipseAppLauncher.java:134) [org.eclipse.osgi_3.10.0.v20140606-1445.jar:na]
	at org.eclipse.core.runtime.internal.adaptor.EclipseAppLauncher.start(EclipseAppLauncher.java:104) [org.eclipse.osgi_3.10.0.v20140606-1445.jar:na]
	at org.eclipse.core.runtime.adaptor.EclipseStarter.run(EclipseStarter.java:382) [org.eclipse.osgi_3.10.0.v20140606-1445.jar:na]
	at org.eclipse.core.runtime.adaptor.EclipseStarter.run(EclipseStarter.java:236) [org.eclipse.osgi_3.10.0.v20140606-1445.jar:na]
	at sun.reflect.NativeMethodAccessorImpl.invoke0(Native Method) ~[na:1.7.0_67]
	at sun.reflect.NativeMethodAccessorImpl.invoke(Unknown Source) ~[na:1.7.0_67]
	at sun.reflect.DelegatingMethodAccessorImpl.invoke(Unknown Source) ~[na:1.7.0_67]
	at java.lang.reflect.Method.invoke(Unknown Source) ~[na:1.7.0_67]
	at org.eclipse.equinox.launcher.Main.invokeFramework(Main.java:648) [org.eclipse.equinox.launcher_1.3.0.v20140415-2008.jar:na]
	at org.eclipse.equinox.launcher.Main.basicRun(Main.java:603) [org.eclipse.equinox.launcher_1.3.0.v20140415-2008.jar:na]
	at org.eclipse.equinox.launcher.Main.run(Main.java:1465) [org.eclipse.equinox.launcher_1.3.0.v20140415-2008.jar:na]
	at org.eclipse.equinox.launcher.Main.main(Main.java:1438) [org.eclipse.equinox.launcher_1.3.0.v20140415-2008.jar:na]
