2015-09-11 16:55:22,309  INFO - Starting suite TrendInTestSuite
2015-09-11 16:55:22,330  INFO - Starting test LoginPage
2015-09-11 16:55:22,363  INFO - Starting test method: testEmailAndPasswordTextfield
2015-09-11 16:55:52,899  INFO - Ending test method testEmailAndPasswordTextfield
2015-09-11 16:55:53,173  INFO - Starting test method: testErrorPasswordEmptyTextfield
2015-09-11 16:56:22,915  INFO - Ending test method testErrorPasswordEmptyTextfield
2015-09-11 16:56:23,179  INFO - Starting test method: testGmailUsernameInHomePage
2015-09-11 16:56:58,206  INFO - Ending test method testGmailUsernameInHomePage
2015-09-11 16:56:58,470  INFO - Starting test method: testLoginOrRegisterPageAgain
2015-09-11 16:57:14,529  INFO - Ending test method testLoginOrRegisterPageAgain
2015-09-11 16:57:14,819  INFO - Starting test method: testMyAccountMyOrderNewUserPage
2015-09-11 16:57:40,651  INFO - Ending test method testMyAccountMyOrderNewUserPage
2015-09-11 16:57:40,933  INFO - Starting test method: testMyAccountMyOrderNewUserPageGoogleColorChangeOnFacebookButton
2015-09-11 16:58:15,489  INFO - Ending test method testMyAccountMyOrderNewUserPageGoogleColorChangeOnFacebookButton
2015-09-11 16:58:15,772  INFO - Starting test method: testMyAccountMyOrderNewUserPageGoogleColorChangeOnGoogleButton
2015-09-11 16:58:48,529  INFO - Ending test method testMyAccountMyOrderNewUserPageGoogleColorChangeOnGoogleButton
2015-09-11 16:58:48,817  INFO - Starting test method: testMyAccountMyOrderPage
2015-09-11 16:59:14,001  INFO - Ending test method testMyAccountMyOrderPage
2015-09-11 16:59:14,340  INFO - Starting test method: testNewToTrendInPage
2015-09-11 16:59:30,874  INFO - Ending test method testNewToTrendInPage
2015-09-11 16:59:31,136  INFO - Starting test method: testNewToTrendInSignUpPage
2015-09-11 16:59:47,824  INFO - Ending test method testNewToTrendInSignUpPage
2015-09-11 16:59:48,102  INFO - Starting test method: testVerifyClickOnGoogleButton
2015-09-11 17:00:15,855  INFO - Ending test method testVerifyClickOnGoogleButton
2015-09-11 17:00:16,119  INFO - Starting test method: testVerifyClickOnSignInFacebookButton
2015-09-11 17:00:41,767  INFO - Ending test method testVerifyClickOnSignInFacebookButton
2015-09-11 17:00:42,037  INFO - Starting test method: testVerifyClickOnSignInWithGoogleButton
2015-09-11 17:01:09,678  INFO - Ending test method testVerifyClickOnSignInWithGoogleButton
2015-09-11 17:01:09,981  INFO - Starting test method: testVerifyColorChangeOnMouseOverGoogleButton
2015-09-11 17:01:35,441  INFO - Ending test method testVerifyColorChangeOnMouseOverGoogleButton
2015-09-11 17:01:35,755  INFO - Starting test method: testVerifyFacebookButtonInmYAccountPage
2015-09-11 17:02:13,171  INFO - Ending test method testVerifyFacebookButtonInmYAccountPage
2015-09-11 17:02:13,459  INFO - Starting test method: testVerifyFacebookEmailAndPasswordTextFields
2015-09-11 17:02:56,580  INFO - Ending test method testVerifyFacebookEmailAndPasswordTextFields
2015-09-11 17:02:56,901  INFO - Starting test method: testVerifyGooglePageEmailAndPasswordTextfields
2015-09-11 17:03:53,597  INFO - Ending test method testVerifyGooglePageEmailAndPasswordTextfields
2015-09-11 17:03:53,900  INFO - Starting test method: testVerifyLoginPagePopUp
2015-09-11 17:04:15,379  INFO - Ending test method testVerifyLoginPagePopUp
2015-09-11 17:04:15,646  INFO - Starting test method: testVerifyLoginToFacebook
2015-09-11 17:05:26,044  INFO - Ending test method testVerifyLoginToFacebook
2015-09-11 17:05:26,390  INFO - Starting test method: testVerifyLoginToFacebookAtVerifyPersonalInformation
2015-09-11 17:06:51,225  INFO - Ending test method testVerifyLoginToFacebookAtVerifyPersonalInformation
2015-09-11 17:06:51,748  INFO - Starting test method: testVerifyLoginToTrendInWithFaceBookAccount
2015-09-11 17:07:49,388  INFO - Ending test method testVerifyLoginToTrendInWithFaceBookAccount
2015-09-11 17:07:49,705  INFO - Starting test method: testVerifyMouseOverActionOnGoogleButton
2015-09-11 17:08:18,490  INFO - Ending test method testVerifyMouseOverActionOnGoogleButton
2015-09-11 17:08:18,776  INFO - Starting test method: testVerifyMouseOverActionOnSignInWithGoogle
2015-09-11 17:08:48,749  INFO - Ending test method testVerifyMouseOverActionOnSignInWithGoogle
2015-09-11 17:08:49,013  INFO - Starting test method: testVerifyMyAccountExistingUserAndNewUserPage
2015-09-11 17:09:51,630  INFO - Ending test method testVerifyMyAccountExistingUserAndNewUserPage
2015-09-11 17:09:51,919  INFO - Starting test method: testVerifyMyAccountNewUserGoogleButton
2015-09-11 17:10:46,981  INFO - Ending test method testVerifyMyAccountNewUserGoogleButton
2015-09-11 17:10:47,264  INFO - Starting test method: testVerifyMyAccountNewUserGooglePage
2015-09-11 17:11:42,169  INFO - Ending test method testVerifyMyAccountNewUserGooglePage
2015-09-11 17:11:42,477  INFO - Starting test method: testVerifyMyAccountNewUserGooglePageFields
2015-09-11 17:12:28,488  INFO - Ending test method testVerifyMyAccountNewUserGooglePageFields
2015-09-11 17:12:28,777  INFO - Starting test method: testVerifyMyAccountNewUserGooglePageLogos
2015-09-11 17:13:14,793  INFO - Ending test method testVerifyMyAccountNewUserGooglePageLogos
2015-09-11 17:13:15,104  INFO - Starting test method: testVerifyMyAccountNewUserPage
2015-09-11 17:13:54,766  INFO - Ending test method testVerifyMyAccountNewUserPage
2015-09-11 17:13:55,379  INFO - Starting test method: testVerifyMyAccountNewUserPageConnectFaceBookPage
2015-09-11 17:14:42,514  INFO - Ending test method testVerifyMyAccountNewUserPageConnectFaceBookPage
2015-09-11 17:14:42,795  INFO - Starting test method: testVerifyMyAccountPage
2015-09-11 17:15:16,180  INFO - Ending test method testVerifyMyAccountPage
2015-09-11 17:15:16,453  INFO - Starting test method: testVerifyNewToTrendInButton
2015-09-11 17:15:34,685  INFO - Ending test method testVerifyNewToTrendInButton
2015-09-11 17:15:34,949  INFO - Starting test method: testVerifyNewToTrendInSignUpPage
2015-09-11 17:15:56,396  INFO - Ending test method testVerifyNewToTrendInSignUpPage
2015-09-11 17:15:56,653  INFO - Starting test method: testVerifyNewUserRadioButtonInMyAccountPage
2015-09-11 17:16:31,886  INFO - Ending test method testVerifyNewUserRadioButtonInMyAccountPage
2015-09-11 17:16:32,605  INFO - Starting test method: testverifyErorMessageOnEmptyEmailTextField
2015-09-11 17:17:01,529  INFO - Ending test method testverifyErorMessageOnEmptyEmailTextField
2015-09-11 17:17:01,840  INFO - Ending test LoginPage
2015-09-11 17:17:01,867  INFO - Ending suite TrendInTestSuite
