2015-09-24 12:31:39,196  INFO - Starting suite TrendInTestSuite
2015-09-24 12:31:39,212  INFO - Starting test EndToEnd
2015-09-24 12:31:39,228  INFO - Starting test method: testScenario3
2015-09-24 12:33:36,020  INFO - Ending test method testScenario3
2015-09-24 12:33:36,407  INFO - Starting test method: testVerifyCancelOrderPage
2015-09-24 12:35:58,899  INFO - Ending test method testVerifyCancelOrderPage
2015-09-24 12:35:59,335  INFO - Starting test method: testVerifyCouponsAndVouchersFaceBookNavigation
2015-09-24 12:37:24,931  INFO - Ending test method testVerifyCouponsAndVouchersFaceBookNavigation
2015-09-24 12:37:25,307  INFO - Starting test method: testVerifyCouponsAndVouchersGoogleNavigation
2015-09-24 12:38:50,312  INFO - Ending test method testVerifyCouponsAndVouchersGoogleNavigation
2015-09-24 12:38:50,634  INFO - Starting test method: testVerifyLoginOrRegisterFacebookNavigation
2015-09-24 12:39:39,090  INFO - Ending test method testVerifyLoginOrRegisterFacebookNavigation
2015-09-24 12:39:39,091 ERROR - <b> Exception: </b>com.trendin.core.util.exceptions.POMMethodExecException: Could find the webElement to get the Text. <b> Cause: </b>com.trendin.core.util.exceptions.POMMethodExecException: Could not find the matching element
2015-09-24 12:39:39,804  INFO - Starting test method: testVerifyLoginOrRegisterGoogleNavigation
2015-09-24 12:40:22,955  INFO - Ending test method testVerifyLoginOrRegisterGoogleNavigation
2015-09-24 12:40:23,229  INFO - Starting test method: testVerifyNewlyRegisteredUser
2015-09-24 12:42:23,861  INFO - Ending test method testVerifyNewlyRegisteredUser
2015-09-24 12:42:24,248  INFO - Starting test method: testVerifyOrderPlacingByLogginginInAddressPage
2015-09-24 12:42:54,173  INFO - Ending test method testVerifyOrderPlacingByLogginginInAddressPage
2015-09-24 12:42:54,174 ERROR - <b> Exception: </b>com.trendin.core.util.exceptions.POMMethodExecException: Unable to click on quick view of a product category.. <b> Cause: </b>org.openqa.selenium.interactions.MoveTargetOutOfBoundsException: Offset within element cannot be scrolled into view: (0, 0): [object XrayWrapper [object HTMLSpanElement]]
Command duration or timeout: 35 milliseconds
Build info: version: '2.40.0', revision: 'fbe29a9', time: '2014-02-19 20:55:11'
System info: host: 'QualiTest-PC', ip: '192.168.220.1', os.name: 'Windows 7', os.arch: 'amd64', os.version: '6.1', java.version: '1.8.0_51'
Driver info: org.openqa.selenium.firefox.FirefoxDriver
Capabilities [{applicationCacheEnabled=true, rotatable=false, handlesAlerts=true, databaseEnabled=true, version=31.0, platform=XP, nativeEvents=false, acceptSslCerts=true, webStorageEnabled=true, locationContextEnabled=true, browserName=firefox, takesScreenshot=true, javascriptEnabled=true, cssSelectorsEnabled=true}]
Session ID: aeecd788-7279-4fc0-9f38-1cef9f18689d
2015-09-24 12:42:54,934  INFO - Starting test method: testVerifyOrderPlacingByLogginginInHomePage
2015-09-24 12:45:13,558  INFO - Ending test method testVerifyOrderPlacingByLogginginInHomePage
2015-09-24 12:45:13,958  INFO - Starting test method: testVerifyUserNameInHomePageFromFacebook
2015-09-24 12:48:45,740  INFO - Ending test method testVerifyUserNameInHomePageFromFacebook
2015-09-24 12:48:45,742 ERROR - <b> Exception: </b>com.trendin.core.util.exceptions.POMMethodExecException: Could find the webElement to get the Text. <b> Cause: </b>com.trendin.core.util.exceptions.POMMethodExecException: Could not find the matching element
2015-09-24 12:48:46,151  INFO - Starting test method: testVerifyUserNameInHomePageFromGoogle
2015-09-24 12:49:34,772  INFO - Ending test method testVerifyUserNameInHomePageFromGoogle
2015-09-24 12:49:34,772 ERROR - <b> Exception: </b>com.trendin.core.util.exceptions.POMMethodExecException: Cannot display Checkout summary page. <b> Cause: </b>
2015-09-24 12:49:35,394  INFO - Ending test EndToEnd
2015-09-24 12:49:35,436  INFO - Ending suite TrendInTestSuite
