2015-08-27 12:10:25,529  INFO - Starting suite TrendInTestSuite
2015-08-27 12:10:25,539  INFO - Starting test NormalUser
2015-08-27 12:10:25,549  INFO - Starting test method: testClickNewTrendIn
2015-08-27 12:11:17,685  INFO - Ending test method testClickNewTrendIn
2015-08-27 12:11:25,815  INFO - Starting test method: testCloseButton
2015-08-27 12:12:33,969  INFO - Ending test method testCloseButton
2015-08-27 12:12:34,209  INFO - Starting test method: testCloseButtonForgotPassword
2015-08-27 12:12:52,647  INFO - Ending test method testCloseButtonForgotPassword
2015-08-27 12:12:52,887  INFO - Starting test method: testDropDownUserName
2015-08-27 12:13:16,552  INFO - Ending test method testDropDownUserName
2015-08-27 12:13:16,664  INFO - Starting test method: testExistingUserTextFields
2015-08-27 12:15:21,350  INFO - Ending test method testExistingUserTextFields
2015-08-27 12:15:21,541  INFO - Starting test method: testForgotPasswordClick
2015-08-27 12:15:42,435  INFO - Ending test method testForgotPasswordClick
2015-08-27 12:15:42,535  INFO - Starting test method: testMyAccountClick
2015-08-27 12:16:23,379  INFO - Ending test method testMyAccountClick
2015-08-27 12:16:23,751  INFO - Starting test method: testMyOrder
2015-08-27 12:16:59,455  INFO - Ending test method testMyOrder
2015-08-27 12:16:59,646  INFO - Starting test method: testRefreshButton
2015-08-27 12:17:18,346  INFO - Ending test method testRefreshButton
2015-08-27 12:17:18,496  INFO - Starting test method: testReturn
2015-08-27 12:17:55,719  INFO - Ending test method testReturn
2015-08-27 12:17:55,839  INFO - Starting test method: testUserName
2015-08-27 12:18:30,232  INFO - Ending test method testUserName
2015-08-27 12:18:30,392  INFO - Starting test method: testVerifyExistingPage
2015-08-27 12:19:22,536  INFO - Ending test method testVerifyExistingPage
2015-08-27 12:19:29,620  INFO - Starting test method: testVerifyForgotPasswordFunctio
2015-08-27 12:23:17,599  INFO - Ending test method testVerifyForgotPasswordFunctio
2015-08-27 12:23:17,779  INFO - Starting test method: testVerifyLoginPageIconIsDisplayed
2015-08-27 12:24:19,336  INFO - Ending test method testVerifyLoginPageIconIsDisplayed
2015-08-27 12:24:27,724  INFO - Starting test method: testVerifyLoginPageIsDisplayed
2015-08-27 12:24:43,887  INFO - Ending test method testVerifyLoginPageIsDisplayed
2015-08-27 12:24:43,997  INFO - Starting test method: testVerifyLogoutFunctionality
2015-08-27 12:25:09,078  INFO - Ending test method testVerifyLogoutFunctionality
2015-08-27 12:25:09,270  INFO - Starting test method: testVerifyRegisterPage
2015-08-27 12:25:27,644  INFO - Ending test method testVerifyRegisterPage
2015-08-27 12:25:27,754  INFO - Starting test method: testVerifySignUpGoogle
2015-08-27 12:26:04,641  INFO - Ending test method testVerifySignUpGoogle
2015-08-27 12:26:04,755  INFO - Starting test method: testverifySignUpFacebook
2015-08-27 12:26:52,220  INFO - Ending test method testverifySignUpFacebook
2015-08-27 12:26:52,344  INFO - Ending test NormalUser
2015-08-27 12:26:52,364  INFO - Ending suite TrendInTestSuite
