2015-08-27 10:53:08,640  INFO - Starting suite TrendInTestSuite
2015-08-27 10:53:08,660  INFO - Starting test NormalUser
2015-08-27 10:53:08,670  INFO - Starting test method: testClickNewTrendIn
2015-08-27 10:53:29,324  INFO - Ending test method testClickNewTrendIn
2015-08-27 10:53:29,474  INFO - Starting test method: testCloseButton
2015-08-27 10:53:48,040  INFO - Ending test method testCloseButton
2015-08-27 10:53:48,260  INFO - Starting test method: testCloseButtonForgotPassword
2015-08-27 10:54:08,358  INFO - Ending test method testCloseButtonForgotPassword
2015-08-27 10:54:08,608  INFO - Starting test method: testDropDownUserName
2015-08-27 10:54:34,694  INFO - Ending test method testDropDownUserName
2015-08-27 10:54:34,846  INFO - Starting test method: testExistingUserTextFields
2015-08-27 10:56:38,118  INFO - Ending test method testExistingUserTextFields
2015-08-27 10:56:38,309  INFO - Starting test method: testForgotPasswordClick
2015-08-27 10:57:00,953  INFO - Ending test method testForgotPasswordClick
2015-08-27 10:57:01,063  INFO - Starting test method: testMyAccountClick
2015-08-27 10:57:37,837  INFO - Ending test method testMyAccountClick
2015-08-27 10:57:37,998  INFO - Starting test method: testMyOrder
2015-08-27 10:58:08,667  INFO - Ending test method testMyOrder
2015-08-27 10:58:08,838  INFO - Starting test method: testRefreshButton
2015-08-27 10:58:27,099  INFO - Ending test method testRefreshButton
2015-08-27 10:58:27,279  INFO - Starting test method: testReturn
2015-08-27 10:58:57,434  INFO - Ending test method testReturn
2015-08-27 10:58:57,554  INFO - Starting test method: testUserName
2015-08-27 10:59:23,034  INFO - Ending test method testUserName
2015-08-27 10:59:23,044  INFO - Ending test method testUserName
2015-08-27 10:59:23,044  INFO - Ending test method testUserName
2015-08-27 10:59:23,044  INFO - Ending test method testUserName
2015-08-27 10:59:23,044  INFO - Ending test method testUserName
2015-08-27 10:59:23,064  INFO - Ending test method testUserName
2015-08-27 10:59:23,064  INFO - Ending test method testUserName
2015-08-27 10:59:23,064  INFO - Ending test method testUserName
2015-08-27 10:59:23,064  INFO - Ending test method testUserName
2015-08-27 10:59:23,074  INFO - Ending test NormalUser
2015-08-27 10:59:23,115  INFO - Ending suite TrendInTestSuite
