2015-08-27 11:17:59,466  INFO - Starting suite TrendInTestSuite
2015-08-27 11:17:59,476  INFO - Starting test NormalUser
2015-08-27 11:17:59,486  INFO - Starting test method: testClickNewTrendIn
2015-08-27 11:18:54,471  INFO - Ending test method testClickNewTrendIn
2015-08-27 11:19:02,075  INFO - Starting test method: testCloseButton
2015-08-27 11:19:20,246  INFO - Ending test method testCloseButton
2015-08-27 11:19:20,526  INFO - Starting test method: testCloseButtonForgotPassword
2015-08-27 11:19:55,920  INFO - Ending test method testCloseButtonForgotPassword
2015-08-27 11:19:56,244  INFO - Starting test method: testDropDownUserName
2015-08-27 11:21:04,989  INFO - Ending test method testDropDownUserName
2015-08-27 11:21:05,139  INFO - Starting test method: testExistingUserTextFields
2015-08-27 11:23:54,500  INFO - Ending test method testExistingUserTextFields
2015-08-27 11:24:01,641  INFO - Starting test method: testForgotPasswordClick
2015-08-27 11:24:23,358  INFO - Ending test method testForgotPasswordClick
2015-08-27 11:24:23,508  INFO - Starting test method: testMyAccountClick
2015-08-27 11:25:02,983  INFO - Ending test method testMyAccountClick
2015-08-27 11:25:03,143  INFO - Starting test method: testMyOrder
2015-08-27 11:25:37,514  INFO - Ending test method testMyOrder
2015-08-27 11:25:37,676  INFO - Starting test method: testRefreshButton
2015-08-27 11:25:56,460  INFO - Ending test method testRefreshButton
2015-08-27 11:25:56,610  INFO - Starting test method: testReturn
2015-08-27 11:26:28,499  INFO - Ending test method testReturn
2015-08-27 11:26:28,690  INFO - Starting test method: testUserName
2015-08-27 11:26:44,235  INFO - Ending test method testUserName
2015-08-27 11:26:44,235  INFO - Ending test method testUserName
2015-08-27 11:26:44,235  INFO - Ending test method testUserName
2015-08-27 11:26:44,245  INFO - Ending test method testUserName
2015-08-27 11:26:44,245  INFO - Ending test method testUserName
2015-08-27 11:26:44,245  INFO - Ending test method testUserName
2015-08-27 11:26:44,245  INFO - Ending test method testUserName
2015-08-27 11:26:44,255  INFO - Ending test method testUserName
2015-08-27 11:26:44,256  INFO - Ending test method testUserName
2015-08-27 11:26:44,266  INFO - Ending test NormalUser
2015-08-27 11:26:44,306  INFO - Ending suite TrendInTestSuite
