2015-08-27 14:03:25,861  INFO - Starting suite TrendInTestSuite
2015-08-27 14:03:25,871  INFO - Starting test NormalUser
2015-08-27 14:03:25,881  INFO - Starting test method: testClickNewTrendIn
2015-08-27 14:03:46,014  INFO - Ending test method testClickNewTrendIn
2015-08-27 14:03:46,132  INFO - Starting test method: testCloseButton
2015-08-27 14:04:04,310  INFO - Ending test method testCloseButton
2015-08-27 14:04:04,605  INFO - Starting test method: testCloseButtonForgotPassword
2015-08-27 14:04:22,161  INFO - Ending test method testCloseButtonForgotPassword
2015-08-27 14:04:22,387  INFO - Starting test method: testDropDownUserName
2015-08-27 14:06:16,602  INFO - Ending test method testDropDownUserName
2015-08-27 14:06:16,766  INFO - Starting test method: testExistingUserTextFields
2015-08-27 14:08:16,820  INFO - Ending test method testExistingUserTextFields
2015-08-27 14:08:17,004  INFO - Starting test method: testForgotPasswordClick
2015-08-27 14:08:35,773  INFO - Ending test method testForgotPasswordClick
2015-08-27 14:08:35,935  INFO - Starting test method: testMyAccountClick
2015-08-27 14:09:08,448  INFO - Ending test method testMyAccountClick
2015-08-27 14:09:08,571  INFO - Starting test method: testMyOrder
2015-08-27 14:09:37,848  INFO - Ending test method testMyOrder
2015-08-27 14:09:38,017  INFO - Starting test method: testRefreshButton
2015-08-27 14:11:08,949  INFO - Ending test method testRefreshButton
2015-08-27 14:11:17,531  INFO - Starting test method: testReturn
2015-08-27 14:11:50,524  INFO - Ending test method testReturn
2015-08-27 14:11:50,691  INFO - Starting test method: testUserName
2015-08-27 14:12:23,950  INFO - Ending test method testUserName
2015-08-27 14:12:24,117  INFO - Starting test method: testVerifyExistingPage
2015-08-27 14:12:41,772  INFO - Ending test method testVerifyExistingPage
2015-08-27 14:12:42,183  INFO - Starting test method: testVerifyForgotPasswordFunctio
2015-08-27 14:16:02,582  INFO - Ending test method testVerifyForgotPasswordFunctio
2015-08-27 14:16:02,761  INFO - Starting test method: testVerifyLoginPageIconIsDisplayed
2015-08-27 14:16:19,912  INFO - Ending test method testVerifyLoginPageIconIsDisplayed
2015-08-27 14:16:20,025  INFO - Starting test method: testVerifyLoginPageIsDisplayed
2015-08-27 14:16:35,918  INFO - Ending test method testVerifyLoginPageIsDisplayed
2015-08-27 14:16:36,028  INFO - Starting test method: testVerifyLogoutFunctionality
2015-08-27 14:18:29,071  INFO - Ending test method testVerifyLogoutFunctionality
2015-08-27 14:18:29,245  INFO - Starting test method: testVerifyRegisterPage
2015-08-27 14:24:17,004  INFO - Ending test method testVerifyRegisterPage
2015-08-27 14:24:17,118  INFO - Starting test method: testVerifySignUpGoogle
2015-08-27 14:30:38,286  INFO - Ending test method testVerifySignUpGoogle
2015-08-27 14:30:38,405  INFO - Starting test method: testverifySignUpFacebook
2015-08-27 14:38:37,083  INFO - Ending test method testverifySignUpFacebook
2015-08-27 14:38:37,209  INFO - Ending test NormalUser
2015-08-27 14:38:37,226  INFO - Ending suite TrendInTestSuite
