2015-08-31 13:53:36,471  INFO - Starting suite TrendInTestSuite
2015-08-31 13:53:36,482  INFO - Starting test ChangePasswordPage
2015-08-31 13:53:36,493  INFO - Starting test method: testChangePasswordAccountPage
2015-08-31 13:54:54,516  INFO - Ending test method testChangePasswordAccountPage
2015-08-31 13:55:03,261  INFO - Starting test method: testModifyOldPassword
2015-08-31 13:55:44,553  INFO - Ending test method testModifyOldPassword
2015-08-31 13:55:44,740  INFO - Starting test method: testvalidateErrorMessageForPasswordField
2015-08-31 13:56:10,595  INFO - Ending test method testvalidateErrorMessageForPasswordField
2015-08-31 13:56:10,596 ERROR - <b> Exception: </b>org.openqa.selenium.NoSuchElementException: Unable to locate element: {"method":"css selector","selector":".tr.tr-caret-down"}
Command duration or timeout: 3.07 seconds
For documentation on this error, please visit: http://seleniumhq.org/exceptions/no_such_element.html
Build info: version: '2.40.0', revision: 'fbe29a9', time: '2014-02-19 20:55:11'
System info: host: 'Qualitest-PC', ip: '10.50.2.176', os.name: 'Windows 7', os.arch: 'amd64', os.version: '6.1', java.version: '1.7.0_67'
Session ID: f2e86e89-7251-4377-98b7-3865d2d232fb
Driver info: org.openqa.selenium.firefox.FirefoxDriver
Capabilities [{platform=XP, databaseEnabled=true, cssSelectorsEnabled=true, javascriptEnabled=true, acceptSslCerts=true, handlesAlerts=true, browserName=firefox, webStorageEnabled=true, nativeEvents=false, rotatable=false, locationContextEnabled=true, applicationCacheEnabled=true, takesScreenshot=true, version=31.0}]. <b> Cause: </b>org.openqa.selenium.remote.ErrorHandler$UnknownServerException: Unable to locate element: {"method":"css selector","selector":".tr.tr-caret-down"}
Build info: version: '2.40.0', revision: 'fbe29a9', time: '2014-02-19 20:55:11'
System info: host: 'Qualitest-PC', ip: '10.50.2.176', os.name: 'Windows 7', os.arch: 'amd64', os.version: '6.1', java.version: '1.7.0_67'
Driver info: driver.version: unknown
2015-08-31 13:56:10,989  INFO - Starting test method: testvalidateErrorMessageForPasswordTextfields
2015-08-31 13:56:36,922  INFO - Ending test method testvalidateErrorMessageForPasswordTextfields
2015-08-31 13:56:36,923 ERROR - <b> Exception: </b>org.openqa.selenium.NoSuchElementException: Unable to locate element: {"method":"css selector","selector":".tr.tr-caret-down"}
Command duration or timeout: 3.07 seconds
For documentation on this error, please visit: http://seleniumhq.org/exceptions/no_such_element.html
Build info: version: '2.40.0', revision: 'fbe29a9', time: '2014-02-19 20:55:11'
System info: host: 'Qualitest-PC', ip: '10.50.2.176', os.name: 'Windows 7', os.arch: 'amd64', os.version: '6.1', java.version: '1.7.0_67'
Session ID: 323eaf0c-4084-4090-8fb9-3e626804a26d
Driver info: org.openqa.selenium.firefox.FirefoxDriver
Capabilities [{platform=XP, databaseEnabled=true, cssSelectorsEnabled=true, javascriptEnabled=true, acceptSslCerts=true, handlesAlerts=true, browserName=firefox, webStorageEnabled=true, nativeEvents=false, rotatable=false, locationContextEnabled=true, applicationCacheEnabled=true, takesScreenshot=true, version=31.0}]. <b> Cause: </b>org.openqa.selenium.remote.ErrorHandler$UnknownServerException: Unable to locate element: {"method":"css selector","selector":".tr.tr-caret-down"}
Build info: version: '2.40.0', revision: 'fbe29a9', time: '2014-02-19 20:55:11'
System info: host: 'Qualitest-PC', ip: '10.50.2.176', os.name: 'Windows 7', os.arch: 'amd64', os.version: '6.1', java.version: '1.7.0_67'
Driver info: driver.version: unknown
2015-08-31 13:56:37,141  INFO - Ending test ChangePasswordPage
2015-08-31 13:56:37,169  INFO - Ending suite TrendInTestSuite
