2015-09-10 16:30:15,736  INFO - Starting suite TrendInTestSuite
2015-09-10 16:30:15,750  INFO - Starting test LoginPage
2015-09-10 16:30:15,763  INFO - Starting test method: testEmailAndPasswordTextfield
2015-09-10 16:30:58,751  INFO - Ending test method testEmailAndPasswordTextfield
2015-09-10 16:30:59,032  INFO - Starting test method: testErrorPasswordEmptyTextfield
2015-09-10 16:31:38,185  INFO - Ending test method testErrorPasswordEmptyTextfield
2015-09-10 16:31:38,438  INFO - Starting test method: testGmailUsernameInHomePage
2015-09-10 16:32:48,510  INFO - Ending test method testGmailUsernameInHomePage
2015-09-10 16:32:48,819  INFO - Starting test method: testLoginOrRegisterPageAgain
2015-09-10 16:33:09,747  INFO - Ending test method testLoginOrRegisterPageAgain
2015-09-10 16:33:09,999  INFO - Starting test method: testNewToTrendInPage
2015-09-10 16:33:33,633  INFO - Ending test method testNewToTrendInPage
2015-09-10 16:33:33,900  INFO - Starting test method: testNewToTrendInSignUpPage
2015-09-10 16:33:55,484  INFO - Ending test method testNewToTrendInSignUpPage
2015-09-10 16:33:55,729  INFO - Starting test method: testVerifyClickOnGoogleButton
2015-09-10 16:34:35,794  INFO - Ending test method testVerifyClickOnGoogleButton
2015-09-10 16:34:36,051  INFO - Starting test method: testVerifyClickOnSignInFacebookButton
2015-09-10 16:35:12,602  INFO - Ending test method testVerifyClickOnSignInFacebookButton
2015-09-10 16:35:12,852  INFO - Starting test method: testVerifyClickOnSignInWithGoogleButton
2015-09-10 16:35:50,261  INFO - Ending test method testVerifyClickOnSignInWithGoogleButton
2015-09-10 16:35:50,525  INFO - Starting test method: testVerifyColorChangeOnMouseOverGoogleButton
2015-09-10 16:36:24,261  INFO - Ending test method testVerifyColorChangeOnMouseOverGoogleButton
2015-09-10 16:36:24,517  INFO - Starting test method: testVerifyFacebookButtonInmYAccountPage
2015-09-10 16:37:13,499  INFO - Ending test method testVerifyFacebookButtonInmYAccountPage
2015-09-10 16:37:13,777  INFO - Starting test method: testVerifyFacebookEmailAndPasswordTextFields
2015-09-10 16:38:04,554  INFO - Ending test method testVerifyFacebookEmailAndPasswordTextFields
2015-09-10 16:38:05,156  INFO - Starting test method: testVerifyLoginPagePopUp
2015-09-10 16:38:26,783  INFO - Ending test method testVerifyLoginPagePopUp
2015-09-10 16:38:27,030  INFO - Starting test method: testVerifyLoginToFacebook
2015-09-10 16:39:36,244  INFO - Ending test method testVerifyLoginToFacebook
2015-09-10 16:39:36,574  INFO - Starting test method: testVerifyLoginToFacebookAtVerifyPersonalInformation
2015-09-10 16:40:56,130  INFO - Ending test method testVerifyLoginToFacebookAtVerifyPersonalInformation
2015-09-10 16:40:56,428  INFO - Starting test method: testVerifyLoginToTrendInWithFaceBookAccount
2015-09-10 16:42:03,788  INFO - Ending test method testVerifyLoginToTrendInWithFaceBookAccount
2015-09-10 16:42:04,056  INFO - Starting test method: testVerifyMouseOverActionOnGoogleButton
2015-09-10 16:42:33,398  INFO - Ending test method testVerifyMouseOverActionOnGoogleButton
2015-09-10 16:42:33,678  INFO - Starting test method: testVerifyMouseOverActionOnSignInWithGoogle
2015-09-10 16:43:03,376  INFO - Ending test method testVerifyMouseOverActionOnSignInWithGoogle
2015-09-10 16:43:03,632  INFO - Starting test method: testVerifyMyAccountExistingUserAndNewUserPage
2015-09-10 16:44:04,666  INFO - Ending test method testVerifyMyAccountExistingUserAndNewUserPage
2015-09-10 16:44:04,951  INFO - Starting test method: testVerifyMyAccountNewUserPageConnectFaceBookPage
2015-09-10 16:45:02,493  INFO - Ending test method testVerifyMyAccountNewUserPageConnectFaceBookPage
2015-09-10 16:45:02,772  INFO - Starting test method: testVerifyMyAccountPage
2015-09-10 16:45:44,959  INFO - Ending test method testVerifyMyAccountPage
2015-09-10 16:45:45,179  INFO - Starting test method: testVerifyNewToTrendInButton
2015-09-10 16:46:07,352  INFO - Ending test method testVerifyNewToTrendInButton
2015-09-10 16:46:07,605  INFO - Starting test method: testVerifyNewToTrendInSignUpPage
2015-09-10 16:46:28,850  INFO - Ending test method testVerifyNewToTrendInSignUpPage
2015-09-10 16:46:29,104  INFO - Starting test method: testVerifyNewUserRadioButtonInMyAccountPage
2015-09-10 16:47:18,972  INFO - Ending test method testVerifyNewUserRadioButtonInMyAccountPage
2015-09-10 16:47:19,314  INFO - Starting test method: testverifyErorMessageOnEmptyEmailTextField
2015-09-10 16:47:46,344  INFO - Ending test method testverifyErorMessageOnEmptyEmailTextField
2015-09-10 16:47:46,733  INFO - Ending test LoginPage
2015-09-10 16:47:46,760  INFO - Ending suite TrendInTestSuite
